::1 - - [16/08/2024, 06:19:30] "POST /nuclei HTTP/1.1" 403 2 "-" "PostmanRuntime/7.41.1" 0
::1 - - [16/08/2024, 06:20:18] "POST /nuclei HTTP/1.1" 403 2 "-" "PostmanRuntime/7.41.1" 0
::1 - - [16/08/2024, 06:20:18] "POST /nuclei HTTP/1.1" 403 2 "-" "PostmanRuntime/7.41.1" 0
::1 - - [16/08/2024, 06:22:13] "POST /nuclei HTTP/1.1" 201 0 "-" "PostmanRuntime/7.41.1" 0
::1 - - [16/08/2024, 06:22:13] "POST /nuclei HTTP/1.1" 201 0 "-" "PostmanRuntime/7.41.1" 0
::1 - - [16/08/2024, 06:23:34] "POST /nuclei HTTP/1.1" 201 959 "-" "PostmanRuntime/7.41.1" 0
::1 - - [16/08/2024, 06:23:34] "POST /nuclei HTTP/1.1" 201 959 "-" "PostmanRuntime/7.41.1" 0
::1 - - [16/08/2024, 06:23:34] "POST /nuclei HTTP/1.1" 201 959 "-" "PostmanRuntime/7.41.1" 0
::1 - - [16/08/2024, 06:23:34] "POST /nuclei HTTP/1.1" 201 959 "-" "PostmanRuntime/7.41.1" 0
::1 - - [16/08/2024, 06:23:34] "POST /nuclei HTTP/1.1" 201 959 "-" "PostmanRuntime/7.41.1" 0
::1 - - [16/08/2024, 06:23:34] "POST /nuclei HTTP/1.1" 201 959 "-" "PostmanRuntime/7.41.1" 0
::1 - - [16/08/2024, 06:23:34] "POST /nuclei HTTP/1.1" 201 959 "-" "PostmanRuntime/7.41.1" 0
::1 - - [16/08/2024, 06:23:34] "POST /apiscan HTTP/1.1" 201 959 "-" "PostmanRuntime/7.41.1" 0
::1 - - [17/08/2024, 01:11:26] "POST /nuclei HTTP/1.1" 201 43203 "-" "PostmanRuntime/7.41.1" 0
::1 - - [17/08/2024, 01:11:26] "POST /nuclei HTTP/1.1" 201 43203 "-" "PostmanRuntime/7.41.1" 0
::1 - - [17/08/2024, 01:23:19] "POST /webcrawling HTTP/1.1" 201 131 "-" "PostmanRuntime/7.41.1" 0
::1 - - [17/08/2024, 01:23:19] "POST /webcrawling HTTP/1.1" 201 131 "-" "PostmanRuntime/7.41.1" 0
::1 - - [17/08/2024, 01:25:39] "POST /webcrawling HTTP/1.1" 201 466 "-" "PostmanRuntime/7.41.1" 0
::1 - - [17/08/2024, 01:25:39] "POST /webcrawling HTTP/1.1" 201 466 "-" "PostmanRuntime/7.41.1" 0
::1 - - [17/08/2024, 01:41:26] "POST /nuclei HTTP/1.1" 201 3140824 "-" "PostmanRuntime/7.41.1" 0
::1 - - [17/08/2024, 01:41:26] "POST /nuclei HTTP/1.1" 201 3140824 "-" "PostmanRuntime/7.41.1" 0
::1 - - [17/08/2024, 02:43:21] "POST /nuclei HTTP/1.1" 500 21 "-" "PostmanRuntime/7.41.1" 0
::1 - - [17/08/2024, 02:43:21] "POST /nuclei HTTP/1.1" 500 21 "-" "PostmanRuntime/7.41.1" 0
::1 - - [17/08/2024, 02:45:59] "POST /nuclei HTTP/1.1" 500 21 "-" "PostmanRuntime/7.41.1" 0
::1 - - [17/08/2024, 02:45:59] "POST /nuclei HTTP/1.1" 500 21 "-" "PostmanRuntime/7.41.1" 0
::1 - - [17/08/2024, 02:47:13] "POST /nuclei HTTP/1.1" 500 21 "-" "PostmanRuntime/7.41.1" 0
::1 - - [17/08/2024, 02:47:13] "POST /nuclei HTTP/1.1" 500 21 "-" "PostmanRuntime/7.41.1" 0
::1 - - [17/08/2024, 02:48:32] "POST /nuclei HTTP/1.1" 500 21 "-" "PostmanRuntime/7.41.1" 0
::1 - - [17/08/2024, 02:48:32] "POST /nuclei HTTP/1.1" 500 21 "-" "PostmanRuntime/7.41.1" 0
::1 - - [17/08/2024, 02:49:15] "POST /nuclei HTTP/1.1" 500 21 "-" "PostmanRuntime/7.41.1" 0
::1 - - [17/08/2024, 02:49:15] "POST /nuclei HTTP/1.1" 500 21 "-" "PostmanRuntime/7.41.1" 0
::1 - - [17/08/2024, 02:52:17] "POST /nuclei HTTP/1.1" 201 3144775 "-" "PostmanRuntime/7.41.1" 0
::1 - - [17/08/2024, 02:52:17] "POST /nuclei HTTP/1.1" 201 3144775 "-" "PostmanRuntime/7.41.1" 0
::1 - - [17/08/2024, 02:53:39] "POST /nuclei HTTP/1.1" 500 21 "-" "PostmanRuntime/7.41.1" 0
::1 - - [17/08/2024, 02:53:39] "POST /nuclei HTTP/1.1" 500 21 "-" "PostmanRuntime/7.41.1" 0
::1 - - [17/08/2024, 02:55:03] "POST /nuclei HTTP/1.1" 500 21 "-" "PostmanRuntime/7.41.1" 0
::1 - - [17/08/2024, 02:55:03] "POST /nuclei HTTP/1.1" 500 21 "-" "PostmanRuntime/7.41.1" 0
::1 - - [17/08/2024, 02:56:21] "POST /nuclei HTTP/1.1" 201 915 "-" "PostmanRuntime/7.41.1" 0
::1 - - [17/08/2024, 02:56:21] "POST /nuclei HTTP/1.1" 201 915 "-" "PostmanRuntime/7.41.1" 0
::1 - - [17/08/2024, 03:03:46] "POST /nuclei HTTP/1.1" 201 915 "-" "PostmanRuntime/7.41.1" 0
::1 - - [17/08/2024, 03:03:46] "POST /nuclei HTTP/1.1" 201 915 "-" "PostmanRuntime/7.41.1" 0
::1 - - [17/08/2024, 03:04:33] "POST /nuclei HTTP/1.1" 201 415 "-" "PostmanRuntime/7.41.1" 0
::1 - - [17/08/2024, 03:04:33] "POST /nuclei HTTP/1.1" 201 415 "-" "PostmanRuntime/7.41.1" 0
::1 - - [17/08/2024, 03:07:48] "POST /nuclei HTTP/1.1" 201 915 "-" "PostmanRuntime/7.41.1" 0
::1 - - [17/08/2024, 03:07:48] "POST /nuclei HTTP/1.1" 201 915 "-" "PostmanRuntime/7.41.1" 0
::1 - - [17/08/2024, 03:09:20] "POST /nuclei HTTP/1.1" 201 911 "-" "PostmanRuntime/7.41.1" 0
::1 - - [17/08/2024, 03:09:20] "POST /nuclei HTTP/1.1" 201 911 "-" "PostmanRuntime/7.41.1" 0
::1 - - [17/08/2024, 03:10:32] "POST /nuclei HTTP/1.1" 201 1822 "-" "PostmanRuntime/7.41.1" 0
::1 - - [17/08/2024, 03:10:32] "POST /nuclei HTTP/1.1" 201 1822 "-" "PostmanRuntime/7.41.1" 0
::1 - - [17/08/2024, 03:11:27] "POST /nuclei HTTP/1.1" 201 2160 "-" "PostmanRuntime/7.41.1" 0
::1 - - [17/08/2024, 03:11:27] "POST /nuclei HTTP/1.1" 201 2160 "-" "PostmanRuntime/7.41.1" 0
::1 - - [17/08/2024, 03:13:12] "POST /nuclei HTTP/1.1" 201 2160 "-" "PostmanRuntime/7.41.1" 0
::1 - - [17/08/2024, 03:13:12] "POST /nuclei HTTP/1.1" 201 2160 "-" "PostmanRuntime/7.41.1" 0
::1 - - [17/08/2024, 03:14:50] "POST /nuclei HTTP/1.1" 201 0 "-" "PostmanRuntime/7.41.1" 0
::1 - - [17/08/2024, 03:14:50] "POST /nuclei HTTP/1.1" 201 0 "-" "PostmanRuntime/7.41.1" 0
::1 - - [17/08/2024, 03:15:41] "POST /nuclei HTTP/1.1" 201 0 "-" "PostmanRuntime/7.41.1" 0
::1 - - [17/08/2024, 03:15:41] "POST /nuclei HTTP/1.1" 201 0 "-" "PostmanRuntime/7.41.1" 0
::1 - - [17/08/2024, 04:07:17] "POST /nuclei HTTP/1.1" 201 1251 "-" "PostmanRuntime/7.41.1" 0
::1 - - [17/08/2024, 04:07:17] "POST /nuclei HTTP/1.1" 201 1251 "-" "PostmanRuntime/7.41.1" 0
::1 - - [17/08/2024, 04:10:13] "POST /nuclei HTTP/1.1" 201 1249 "-" "PostmanRuntime/7.41.1" 0
::1 - - [17/08/2024, 04:10:13] "POST /nuclei HTTP/1.1" 201 1249 "-" "PostmanRuntime/7.41.1" 0
::1 - - [17/08/2024, 04:12:56] "POST /nuclei HTTP/1.1" 201 0 "-" "PostmanRuntime/7.41.1" 0
::1 - - [17/08/2024, 04:12:56] "POST /nuclei HTTP/1.1" 201 0 "-" "PostmanRuntime/7.41.1" 0
::1 - - [17/08/2024, 04:17:34] "POST /nuclei HTTP/1.1" 201 1257 "-" "PostmanRuntime/7.41.1" 0
::1 - - [17/08/2024, 04:17:35] "POST /nuclei HTTP/1.1" 201 1257 "-" "PostmanRuntime/7.41.1" 0
::1 - - [17/08/2024, 04:19:46] "POST /nuclei HTTP/1.1" 201 1249 "-" "PostmanRuntime/7.41.1" 0
::1 - - [17/08/2024, 04:19:46] "POST /nuclei HTTP/1.1" 201 1249 "-" "PostmanRuntime/7.41.1" 0
::1 - - [17/08/2024, 04:25:19] "POST /nuclei HTTP/1.1" 201 0 "-" "PostmanRuntime/7.41.1" 0
::1 - - [17/08/2024, 04:25:19] "POST /nuclei HTTP/1.1" 201 0 "-" "PostmanRuntime/7.41.1" 0
::1 - - [17/08/2024, 04:28:39] "POST /nuclei HTTP/1.1" 201 0 "-" "PostmanRuntime/7.41.1" 0
::1 - - [17/08/2024, 04:28:39] "POST /nuclei HTTP/1.1" 201 0 "-" "PostmanRuntime/7.41.1" 0
::1 - - [17/08/2024, 04:29:22] "POST /nuclei HTTP/1.1" 201 0 "-" "PostmanRuntime/7.41.1" 0
::1 - - [17/08/2024, 04:29:22] "POST /nuclei HTTP/1.1" 201 0 "-" "PostmanRuntime/7.41.1" 0
::1 - - [17/08/2024, 04:32:43] "POST /nuclei HTTP/1.1" 201 0 "-" "PostmanRuntime/7.41.1" 0
::1 - - [17/08/2024, 04:32:43] "POST /nuclei HTTP/1.1" 201 0 "-" "PostmanRuntime/7.41.1" 0
::1 - - [17/08/2024, 04:36:19] "POST /nuclei HTTP/1.1" 201 0 "-" "PostmanRuntime/7.41.1" 0
::1 - - [17/08/2024, 04:36:20] "POST /nuclei HTTP/1.1" 201 0 "-" "PostmanRuntime/7.41.1" 0
::1 - - [17/08/2024, 04:39:40] "POST /nuclei HTTP/1.1" 201 0 "-" "PostmanRuntime/7.41.1" 0
::1 - - [17/08/2024, 04:39:40] "POST /nuclei HTTP/1.1" 201 0 "-" "PostmanRuntime/7.41.1" 0
::1 - - [17/08/2024, 04:41:26] "POST /nuclei HTTP/1.1" 201 0 "-" "PostmanRuntime/7.41.1" 0
::1 - - [17/08/2024, 04:41:26] "POST /nuclei HTTP/1.1" 201 0 "-" "PostmanRuntime/7.41.1" 0
::1 - - [17/08/2024, 04:42:59] "POST /nuclei HTTP/1.1" 201 0 "-" "PostmanRuntime/7.41.1" 0
::1 - - [17/08/2024, 04:42:59] "POST /nuclei HTTP/1.1" 201 0 "-" "PostmanRuntime/7.41.1" 0
::1 - - [17/08/2024, 04:44:27] "POST /nuclei HTTP/1.1" 500 21 "-" "PostmanRuntime/7.41.1" 0
::1 - - [17/08/2024, 04:44:28] "POST /nuclei HTTP/1.1" 500 21 "-" "PostmanRuntime/7.41.1" 0
::1 - - [17/08/2024, 04:46:27] "POST /nuclei HTTP/1.1" 500 21 "-" "PostmanRuntime/7.41.1" 0
::1 - - [17/08/2024, 04:46:27] "POST /nuclei HTTP/1.1" 500 21 "-" "PostmanRuntime/7.41.1" 0
::1 - - [17/08/2024, 04:48:31] "POST /nuclei HTTP/1.1" 201 415 "-" "PostmanRuntime/7.41.1" 0
::1 - - [17/08/2024, 04:48:31] "POST /nuclei HTTP/1.1" 201 415 "-" "PostmanRuntime/7.41.1" 0
::1 - - [17/08/2024, 04:50:51] "POST /nuclei HTTP/1.1" 201 433 "-" "PostmanRuntime/7.41.1" 0
::1 - - [17/08/2024, 04:50:51] "POST /nuclei HTTP/1.1" 201 433 "-" "PostmanRuntime/7.41.1" 0
::1 - - [17/08/2024, 04:57:15] "POST /nuclei HTTP/1.1" 500 21 "-" "PostmanRuntime/7.41.1" 0
::1 - - [17/08/2024, 04:57:15] "POST /nuclei HTTP/1.1" 500 21 "-" "PostmanRuntime/7.41.1" 0
::1 - - [17/08/2024, 05:01:31] "POST /nuclei HTTP/1.1" 500 21 "-" "PostmanRuntime/7.41.1" 0
::1 - - [17/08/2024, 05:01:31] "POST /nuclei HTTP/1.1" 500 21 "-" "PostmanRuntime/7.41.1" 0
::1 - - [17/08/2024, 05:02:16] "POST /nuclei HTTP/1.1" 201 433 "-" "PostmanRuntime/7.41.1" 0
::1 - - [17/08/2024, 05:02:16] "POST /nuclei HTTP/1.1" 201 433 "-" "PostmanRuntime/7.41.1" 0
::1 - - [17/08/2024, 05:07:01] "POST /bearer HTTP/1.1" 500 34 "-" "PostmanRuntime/7.41.1" 0
::1 - - [17/08/2024, 05:07:01] "POST /bearer HTTP/1.1" 500 34 "-" "PostmanRuntime/7.41.1" 0
::1 - - [17/08/2024, 05:07:37] "POST /bearer HTTP/1.1" 201 12562 "-" "PostmanRuntime/7.41.1" 0
::1 - - [17/08/2024, 05:07:37] "POST /bearer HTTP/1.1" 201 12562 "-" "PostmanRuntime/7.41.1" 0
::1 - - [17/08/2024, 05:08:49] "POST /bearer HTTP/1.1" 500 34 "-" "PostmanRuntime/7.41.1" 0
::1 - - [17/08/2024, 05:08:49] "POST /bearer HTTP/1.1" 500 34 "-" "PostmanRuntime/7.41.1" 0
::1 - - [17/08/2024, 05:11:02] "POST /bearer HTTP/1.1" 500 34 "-" "PostmanRuntime/7.41.1" 0
::1 - - [17/08/2024, 05:11:02] "POST /bearer HTTP/1.1" 500 34 "-" "PostmanRuntime/7.41.1" 0
::1 - - [17/08/2024, 05:11:35] "POST /bearer HTTP/1.1" 201 12562 "-" "PostmanRuntime/7.41.1" 0
::1 - - [17/08/2024, 05:11:35] "POST /bearer HTTP/1.1" 201 12562 "-" "PostmanRuntime/7.41.1" 0
::1 - - [17/08/2024, 05:19:53] "POST /bearer HTTP/1.1" 201 2 "-" "PostmanRuntime/7.41.1" 0
::1 - - [17/08/2024, 05:19:53] "POST /bearer HTTP/1.1" 201 2 "-" "PostmanRuntime/7.41.1" 0
::1 - - [17/08/2024, 05:21:52] "POST /bearer HTTP/1.1" 201 2 "-" "PostmanRuntime/7.41.1" 0
::1 - - [17/08/2024, 05:21:52] "POST /bearer HTTP/1.1" 201 2 "-" "PostmanRuntime/7.41.1" 0
::1 - - [17/08/2024, 05:31:23] "POST /bearer HTTP/1.1" 500 34 "-" "PostmanRuntime/7.41.1" 0
::1 - - [17/08/2024, 05:31:23] "POST /bearer HTTP/1.1" 500 34 "-" "PostmanRuntime/7.41.1" 0
::1 - - [17/08/2024, 05:33:30] "POST /bearer HTTP/1.1" 500 28 "-" "PostmanRuntime/7.41.1" 0
::1 - - [17/08/2024, 05:33:30] "POST /bearer HTTP/1.1" 500 28 "-" "PostmanRuntime/7.41.1" 0
::1 - - [17/08/2024, 05:35:14] "POST /bearer HTTP/1.1" 500 28 "-" "PostmanRuntime/7.41.1" 0
::1 - - [17/08/2024, 05:35:14] "POST /bearer HTTP/1.1" 500 28 "-" "PostmanRuntime/7.41.1" 0
::1 - - [17/08/2024, 05:40:24] "POST /bearer HTTP/1.1" 201 0 "-" "PostmanRuntime/7.41.1" 0
::1 - - [17/08/2024, 05:40:24] "POST /bearer HTTP/1.1" 201 0 "-" "PostmanRuntime/7.41.1" 0
::1 - - [17/08/2024, 05:41:49] "POST /bearer HTTP/1.1" 500 28 "-" "PostmanRuntime/7.41.1" 0
::1 - - [17/08/2024, 05:41:49] "POST /bearer HTTP/1.1" 500 28 "-" "PostmanRuntime/7.41.1" 0
::1 - - [17/08/2024, 05:42:27] "POST /bearer HTTP/1.1" 500 28 "-" "PostmanRuntime/7.41.1" 0
::1 - - [17/08/2024, 05:42:27] "POST /bearer HTTP/1.1" 500 28 "-" "PostmanRuntime/7.41.1" 0
::1 - - [17/08/2024, 05:46:35] "POST /bearer HTTP/1.1" 500 39 "-" "PostmanRuntime/7.41.1" 0
::1 - - [17/08/2024, 05:46:35] "POST /bearer HTTP/1.1" 500 39 "-" "PostmanRuntime/7.41.1" 0
::1 - - [17/08/2024, 05:47:10] "POST /bearer HTTP/1.1" 500 39 "-" "PostmanRuntime/7.41.1" 0
::1 - - [17/08/2024, 05:47:10] "POST /bearer HTTP/1.1" 500 39 "-" "PostmanRuntime/7.41.1" 0
::1 - - [17/08/2024, 05:50:52] "POST /bearer HTTP/1.1" 500 39 "-" "PostmanRuntime/7.41.1" 0
::1 - - [17/08/2024, 05:50:52] "POST /bearer HTTP/1.1" 500 39 "-" "PostmanRuntime/7.41.1" 0
::1 - - [17/08/2024, 05:53:34] "POST /bearer HTTP/1.1" 500 39 "-" "PostmanRuntime/7.41.1" 0
::1 - - [17/08/2024, 05:53:34] "POST /bearer HTTP/1.1" 500 39 "-" "PostmanRuntime/7.41.1" 0
::1 - - [17/08/2024, 05:54:20] "POST /bearer HTTP/1.1" 500 39 "-" "PostmanRuntime/7.41.1" 0
::1 - - [17/08/2024, 05:54:20] "POST /bearer HTTP/1.1" 500 39 "-" "PostmanRuntime/7.41.1" 0
::1 - - [17/08/2024, 05:59:03] "POST /bearer HTTP/1.1" 500 39 "-" "PostmanRuntime/7.41.1" 0
::1 - - [17/08/2024, 05:59:03] "POST /bearer HTTP/1.1" 500 39 "-" "PostmanRuntime/7.41.1" 0
::1 - - [17/08/2024, 06:00:43] "POST /bearer HTTP/1.1" 500 39 "-" "PostmanRuntime/7.41.1" 0
::1 - - [17/08/2024, 06:00:44] "POST /bearer HTTP/1.1" 500 39 "-" "PostmanRuntime/7.41.1" 0
::1 - - [17/08/2024, 06:02:42] "POST /bearer HTTP/1.1" 500 34 "-" "PostmanRuntime/7.41.1" 0
::1 - - [17/08/2024, 06:02:42] "POST /bearer HTTP/1.1" 500 34 "-" "PostmanRuntime/7.41.1" 0
::1 - - [17/08/2024, 06:03:33] "POST /bearer HTTP/1.1" 201 12350 "-" "PostmanRuntime/7.41.1" 0
::1 - - [17/08/2024, 06:03:33] "POST /bearer HTTP/1.1" 201 12350 "-" "PostmanRuntime/7.41.1" 0
::1 - - [17/08/2024, 06:12:33] "POST /bearer HTTP/1.1" 201 12350 "-" "PostmanRuntime/7.41.1" 0
::1 - - [17/08/2024, 06:12:33] "POST /bearer HTTP/1.1" 201 12350 "-" "PostmanRuntime/7.41.1" 0
::1 - - [17/08/2024, 06:15:15] "POST /bearer HTTP/1.1" 500 34 "-" "PostmanRuntime/7.41.1" 0
::1 - - [17/08/2024, 06:15:15] "POST /bearer HTTP/1.1" 500 34 "-" "PostmanRuntime/7.41.1" 0
::1 - - [17/08/2024, 06:15:37] "POST /bearer HTTP/1.1" 500 21 "-" "PostmanRuntime/7.41.1" 0
::1 - - [17/08/2024, 06:15:37] "POST /bearer HTTP/1.1" 500 21 "-" "PostmanRuntime/7.41.1" 0
::1 - - [17/08/2024, 06:17:43] "POST /bearer HTTP/1.1" 201 12327 "-" "PostmanRuntime/7.41.1" 0
::1 - - [17/08/2024, 06:17:43] "POST /bearer HTTP/1.1" 201 12327 "-" "PostmanRuntime/7.41.1" 0
::1 - - [17/08/2024, 06:25:06] "POST /bearer HTTP/1.1" 500 34 "-" "PostmanRuntime/7.41.1" 0
::1 - - [17/08/2024, 06:25:06] "POST /bearer HTTP/1.1" 500 34 "-" "PostmanRuntime/7.41.1" 0
::1 - - [17/08/2024, 06:25:26] "POST /bearer HTTP/1.1" 500 21 "-" "PostmanRuntime/7.41.1" 0
::1 - - [17/08/2024, 06:25:26] "POST /bearer HTTP/1.1" 500 21 "-" "PostmanRuntime/7.41.1" 0
::1 - - [17/08/2024, 06:36:47] "POST /bearer HTTP/1.1" 500 34 "-" "PostmanRuntime/7.41.1" 0
::1 - - [17/08/2024, 06:36:47] "POST /bearer HTTP/1.1" 500 34 "-" "PostmanRuntime/7.41.1" 0
::1 - - [17/08/2024, 06:38:25] "POST /bearer HTTP/1.1" 500 21 "-" "PostmanRuntime/7.41.1" 0
::1 - - [17/08/2024, 06:38:25] "POST /bearer HTTP/1.1" 500 21 "-" "PostmanRuntime/7.41.1" 0
::1 - - [17/08/2024, 06:40:42] "POST /bearer HTTP/1.1" 500 21 "-" "PostmanRuntime/7.41.1" 0
::1 - - [17/08/2024, 06:40:42] "POST /bearer HTTP/1.1" 500 21 "-" "PostmanRuntime/7.41.1" 0
::1 - - [17/08/2024, 06:41:33] "POST /bearer HTTP/1.1" 201 12323 "-" "PostmanRuntime/7.41.1" 0
::1 - - [17/08/2024, 06:41:34] "POST /bearer HTTP/1.1" 201 12323 "-" "PostmanRuntime/7.41.1" 0
::1 - - [17/08/2024, 14:29:46] "POST /bearer HTTP/1.1" 500 34 "-" "PostmanRuntime/7.41.1" 0
::1 - - [17/08/2024, 14:29:46] "POST /bearer HTTP/1.1" 500 34 "-" "PostmanRuntime/7.41.1" 0
::1 - - [17/08/2024, 14:32:05] "POST /bearer HTTP/1.1" 500 34 "-" "PostmanRuntime/7.41.1" 0
::1 - - [17/08/2024, 14:32:05] "POST /bearer HTTP/1.1" 500 34 "-" "PostmanRuntime/7.41.1" 0
::1 - - [17/08/2024, 14:36:00] "POST /bearer HTTP/1.1" 500 34 "-" "PostmanRuntime/7.41.1" 0
::1 - - [17/08/2024, 14:36:00] "POST /bearer HTTP/1.1" 500 34 "-" "PostmanRuntime/7.41.1" 0
::1 - - [17/08/2024, 14:42:58] "POST /bearer HTTP/1.1" 201 12562 "-" "PostmanRuntime/7.41.1" 0
::1 - - [17/08/2024, 14:42:58] "POST /bearer HTTP/1.1" 201 12562 "-" "PostmanRuntime/7.41.1" 0
::1 - - [17/08/2024, 14:55:10] "POST /bearer HTTP/1.1" 500 34 "-" "PostmanRuntime/7.41.1" 0
::1 - - [17/08/2024, 14:55:10] "POST /bearer HTTP/1.1" 500 34 "-" "PostmanRuntime/7.41.1" 0
::1 - - [17/08/2024, 14:55:56] "POST /nuclei HTTP/1.1" 201 422 "-" "PostmanRuntime/7.41.1" 0
::1 - - [17/08/2024, 14:55:56] "POST /nuclei HTTP/1.1" 201 422 "-" "PostmanRuntime/7.41.1" 0
::1 - - [17/08/2024, 14:57:47] "POST /nuclei HTTP/1.1" 201 1261 "-" "PostmanRuntime/7.41.1" 0
::1 - - [17/08/2024, 14:57:47] "POST /nuclei HTTP/1.1" 201 1261 "-" "PostmanRuntime/7.41.1" 0
::1 - - [17/08/2024, 15:01:44] "POST /nuclei HTTP/1.1" 201 1986 "-" "PostmanRuntime/7.41.1" 0
::1 - - [17/08/2024, 15:01:44] "POST /nuclei HTTP/1.1" 201 1986 "-" "PostmanRuntime/7.41.1" 0
::1 - - [17/08/2024, 16:02:31] "POST /bearer HTTP/1.1" 500 21 "-" "PostmanRuntime/7.41.1" 0
::1 - - [17/08/2024, 16:02:31] "POST /bearer HTTP/1.1" 500 21 "-" "PostmanRuntime/7.41.1" 0
::1 - - [17/08/2024, 16:06:34] "POST /bearer HTTP/1.1" 201 12562 "-" "PostmanRuntime/7.41.1" 0
::1 - - [17/08/2024, 16:06:35] "POST /bearer HTTP/1.1" 201 12562 "-" "PostmanRuntime/7.41.1" 0
::1 - - [17/08/2024, 16:14:05] "POST /nuclei HTTP/1.1" 500 34 "-" "PostmanRuntime/7.41.1" 0
::1 - - [17/08/2024, 16:14:05] "POST /nuclei HTTP/1.1" 500 34 "-" "PostmanRuntime/7.41.1" 0
::1 - - [17/08/2024, 16:18:12] "POST /nuclei HTTP/1.1" 500 34 "-" "PostmanRuntime/7.41.1" 0
::1 - - [17/08/2024, 16:18:12] "POST /nuclei HTTP/1.1" 500 34 "-" "PostmanRuntime/7.41.1" 0
::1 - - [17/08/2024, 16:19:20] "POST /nuclei HTTP/1.1" 500 34 "-" "PostmanRuntime/7.41.1" 0
::1 - - [17/08/2024, 16:19:20] "POST /nuclei HTTP/1.1" 500 34 "-" "PostmanRuntime/7.41.1" 0
::1 - - [17/08/2024, 16:21:00] "POST /nuclei HTTP/1.1" 500 34 "-" "PostmanRuntime/7.41.1" 0
::1 - - [17/08/2024, 16:21:00] "POST /nuclei HTTP/1.1" 500 34 "-" "PostmanRuntime/7.41.1" 0
::1 - - [17/08/2024, 16:35:13] "POST /nuclei HTTP/1.1" 201 1985 "-" "PostmanRuntime/7.41.1" 0
::1 - - [17/08/2024, 16:35:13] "POST /nuclei HTTP/1.1" 201 1985 "-" "PostmanRuntime/7.41.1" 0
::1 - - [17/08/2024, 16:37:15] "POST /bearer HTTP/1.1" 201 12562 "-" "PostmanRuntime/7.41.1" 0
::1 - - [17/08/2024, 16:37:15] "POST /bearer HTTP/1.1" 201 12562 "-" "PostmanRuntime/7.41.1" 0
::1 - - [17/08/2024, 16:45:05] "POST /vulnapi HTTP/1.1" 404 147 "-" "PostmanRuntime/7.41.1" 0
::1 - - [17/08/2024, 16:45:05] "POST /vulnapi HTTP/1.1" 404 147 "-" "PostmanRuntime/7.41.1" 0
::1 - - [17/08/2024, 16:45:18] "POST /vulnapi HTTP/1.1" 404 147 "-" "PostmanRuntime/7.41.1" 0
::1 - - [17/08/2024, 16:45:18] "POST /vulnapi HTTP/1.1" 404 147 "-" "PostmanRuntime/7.41.1" 0
::1 - - [17/08/2024, 16:47:21] "POST /testapi HTTP/1.1" 201 1613 "-" "PostmanRuntime/7.41.1" 0
::1 - - [17/08/2024, 16:47:21] "POST /testapi HTTP/1.1" 201 1613 "-" "PostmanRuntime/7.41.1" 0
::1 - - [17/08/2024, 18:37:59] "POST /bearer HTTP/1.1" 201 12562 "-" "PostmanRuntime/7.41.1" 0
::1 - - [17/08/2024, 18:37:59] "POST /bearer HTTP/1.1" 201 12562 "-" "PostmanRuntime/7.41.1" 0
